<?xml version="1.0" encoding="UTF-8"?>
<testsuite name="project.order.OrderServiceTest" tests="1" skipped="0" failures="0" errors="0" timestamp="2024-03-15T06:52:37" hostname="goorm" time="0.19">
  <properties/>
  <testcase name="createOrder()" classname="project.order.OrderServiceTest" time="0.19"/>
  <system-out><![CDATA[]]></system-out>
  <system-err><![CDATA[]]></system-err>
</testsuite>
